#
# There is insufficient memory for the Java Runtime Environment to continue.
# Native memory allocation (malloc) failed to allocate 536870912 bytes for committing reserved memory.
# Possible reasons:
#   The system is out of physical RAM or swap space
#   In 32 bit mode, the process size limit was hit
# Possible solutions:
#   Reduce memory load on the system
#   Increase physical memory or swap space
#   Check if swap backing store is full
#   Use 64 bit Java on a 64 bit OS
#   Decrease Java heap size (-Xmx/-Xms)
#   Decrease number of Java threads
#   Decrease Java thread stack sizes (-Xss)
#   Set larger code cache with -XX:ReservedCodeCacheSize=
# This output file may be truncated or incomplete.
#
#  Out of Memory Error (os_linux.cpp:2798), pid=4806, tid=140260931970816
#
# JRE version:  (7.0_75-b13) (build )
# Java VM: OpenJDK 64-Bit Server VM (24.75-b04 mixed mode linux-amd64 compressed oops)
# Derivative: IcedTea 2.5.4
# Distribution: Ubuntu 14.04 LTS, package 7u75-2.5.4-1~trusty1
# Failed to write core dump. Core dumps have been disabled. To enable core dumping, try "ulimit -c unlimited" before starting Java again
#

---------------  T H R E A D  ---------------

Current thread (0x00007f910400a800):  JavaThread "Unknown thread" [_thread_in_vm, id=4811, stack(0x00007f910af6a000,0x00007f910b06b000)]

Stack: [0x00007f910af6a000,0x00007f910b06b000],  sp=0x00007f910b069500,  free space=1021k
Native frames: (J=compiled Java code, j=interpreted, Vv=VM code, C=native code)
V  [libjvm.so+0x94a9d5]  VMError::report_and_die()+0x175
V  [libjvm.so+0x48b954]  report_vm_out_of_memory(char const*, int, unsigned long, char const*)+0x74
V  [libjvm.so+0x7c7b7b]  os::pd_commit_memory(char*, unsigned long, unsigned long, bool)+0xeb
V  [libjvm.so+0x7c263f]  os::commit_memory(char*, unsigned long, unsigned long, bool)+0x1f
V  [libjvm.so+0x834b1b]  PSVirtualSpace::expand_by(unsigned long)+0x5b
V  [libjvm.so+0x824f8e]  PSOldGen::initialize(ReservedSpace, unsigned long, char const*, int)+0xce
V  [libjvm.so+0x2a57ff]  AdjoiningGenerations::AdjoiningGenerations(ReservedSpace, unsigned long, unsigned long, unsigned long, unsigned long, unsigned long, unsigned long, unsigned long)+0x3af
V  [libjvm.so+0x7e8070]  ParallelScavengeHeap::initialize()+0x5b0
V  [libjvm.so+0x91b447]  Universe::initialize_heap()+0xc7
V  [libjvm.so+0x91b777]  universe_init()+0x67
V  [libjvm.so+0x59d1d5]  init_globals()+0x55
V  [libjvm.so+0x8fe15f]  Threads::create_vm(JavaVMInitArgs*, bool*)+0x35f
V  [libjvm.so+0x608554]  JNI_CreateJavaVM+0x54
C  [libjli.so+0x2b48]


---------------  P R O C E S S  ---------------

Java Threads: ( => current thread )

Other Threads:

=>0x00007f910400a800 (exited) JavaThread "Unknown thread" [_thread_in_vm, id=4811, stack(0x00007f910af6a000,0x00007f910b06b000)]

VM state:not at safepoint (not fully initialized)

VM Mutex/Monitor currently owned by a thread: None

GC Heap History (0 events):
No events

Deoptimization events (0 events):
No events

Internal exceptions (0 events):
No events

Events (0 events):
No events


Dynamic libraries:
00400000-00401000 r-xp 00000000 08:01 677047                             /usr/lib/jvm/java-7-openjdk-amd64/jre/bin/java
00600000-00601000 r--p 00000000 08:01 677047                             /usr/lib/jvm/java-7-openjdk-amd64/jre/bin/java
00601000-00602000 rw-p 00001000 08:01 677047                             /usr/lib/jvm/java-7-openjdk-amd64/jre/bin/java
00a04000-00a25000 rw-p 00000000 00:00 0                                  [heap]
c0000000-d0000000 rw-p 00000000 00:00 0 
f0000000-100000000 rw-p 00000000 00:00 0 
7f910067d000-7f91007de000 rw-p 00000000 00:00 0 
7f91007de000-7f910095e000 rw-p 00000000 00:00 0 
7f910095e000-7f91009df000 rw-p 00000000 00:00 0 
7f91009df000-7f9100c4f000 rwxp 00000000 00:00 0 
7f9100c4f000-7f91039df000 rw-p 00000000 00:00 0 
7f91039df000-7f91039e7000 r-xp 00000000 08:01 677043                     /usr/lib/jvm/java-7-openjdk-amd64/jre/lib/amd64/libzip.so
7f91039e7000-7f9103be6000 ---p 00008000 08:01 677043                     /usr/lib/jvm/java-7-openjdk-amd64/jre/lib/amd64/libzip.so
7f9103be6000-7f9103be7000 r--p 00007000 08:01 677043                     /usr/lib/jvm/java-7-openjdk-amd64/jre/lib/amd64/libzip.so
7f9103be7000-7f9103be8000 rw-p 00008000 08:01 677043                     /usr/lib/jvm/java-7-openjdk-amd64/jre/lib/amd64/libzip.so
7f9103be8000-7f9103bf3000 r-xp 00000000 08:01 529056                     /lib/x86_64-linux-gnu/libnss_files-2.19.so
7f9103bf3000-7f9103df2000 ---p 0000b000 08:01 529056                     /lib/x86_64-linux-gnu/libnss_files-2.19.so
7f9103df2000-7f9103df3000 r--p 0000a000 08:01 529056                     /lib/x86_64-linux-gnu/libnss_files-2.19.so
7f9103df3000-7f9103df4000 rw-p 0000b000 08:01 529056                     /lib/x86_64-linux-gnu/libnss_files-2.19.so
7f9103df4000-7f9103dff000 r-xp 00000000 08:01 529066                     /lib/x86_64-linux-gnu/libnss_nis-2.19.so
7f9103dff000-7f9103ffe000 ---p 0000b000 08:01 529066                     /lib/x86_64-linux-gnu/libnss_nis-2.19.so
7f9103ffe000-7f9103fff000 r--p 0000a000 08:01 529066                     /lib/x86_64-linux-gnu/libnss_nis-2.19.so
7f9103fff000-7f9104000000 rw-p 0000b000 08:01 529066                     /lib/x86_64-linux-gnu/libnss_nis-2.19.so
7f9104000000-7f9104023000 rw-p 00000000 00:00 0 
7f9104023000-7f9108000000 ---p 00000000 00:00 0 
7f91080ef000-7f91081c8000 rw-p 00000000 00:00 0 
7f91081c8000-7f91081df000 r-xp 00000000 08:01 529050                     /lib/x86_64-linux-gnu/libnsl-2.19.so
7f91081df000-7f91083de000 ---p 00017000 08:01 529050                     /lib/x86_64-linux-gnu/libnsl-2.19.so
7f91083de000-7f91083df000 r--p 00016000 08:01 529050                     /lib/x86_64-linux-gnu/libnsl-2.19.so
7f91083df000-7f91083e0000 rw-p 00017000 08:01 529050                     /lib/x86_64-linux-gnu/libnsl-2.19.so
7f91083e0000-7f91083e2000 rw-p 00000000 00:00 0 
7f91083e2000-7f91083eb000 r-xp 00000000 08:01 529052                     /lib/x86_64-linux-gnu/libnss_compat-2.19.so
7f91083eb000-7f91085ea000 ---p 00009000 08:01 529052                     /lib/x86_64-linux-gnu/libnss_compat-2.19.so
7f91085ea000-7f91085eb000 r--p 00008000 08:01 529052                     /lib/x86_64-linux-gnu/libnss_compat-2.19.so
7f91085eb000-7f91085ec000 rw-p 00009000 08:01 529052                     /lib/x86_64-linux-gnu/libnss_compat-2.19.so
7f91085ec000-7f9108617000 r-xp 00000000 08:01 677027                     /usr/lib/jvm/java-7-openjdk-amd64/jre/lib/amd64/libjava.so
7f9108617000-7f9108817000 ---p 0002b000 08:01 677027                     /usr/lib/jvm/java-7-openjdk-amd64/jre/lib/amd64/libjava.so
7f9108817000-7f9108818000 r--p 0002b000 08:01 677027                     /usr/lib/jvm/java-7-openjdk-amd64/jre/lib/amd64/libjava.so
7f9108818000-7f910881a000 rw-p 0002c000 08:01 677027                     /usr/lib/jvm/java-7-openjdk-amd64/jre/lib/amd64/libjava.so
7f910881a000-7f910882a000 r-xp 00000000 08:01 677026                     /usr/lib/jvm/java-7-openjdk-amd64/jre/lib/amd64/libverify.so
7f910882a000-7f9108a29000 ---p 00010000 08:01 677026                     /usr/lib/jvm/java-7-openjdk-amd64/jre/lib/amd64/libverify.so
7f9108a29000-7f9108a2b000 r--p 0000f000 08:01 677026                     /usr/lib/jvm/java-7-openjdk-amd64/jre/lib/amd64/libverify.so
7f9108a2b000-7f9108a2c000 rw-p 00011000 08:01 677026                     /usr/lib/jvm/java-7-openjdk-amd64/jre/lib/amd64/libverify.so
7f9108a2c000-7f9108a33000 r-xp 00000000 08:01 529109                     /lib/x86_64-linux-gnu/librt-2.19.so
7f9108a33000-7f9108c32000 ---p 00007000 08:01 529109                     /lib/x86_64-linux-gnu/librt-2.19.so
7f9108c32000-7f9108c33000 r--p 00006000 08:01 529109                     /lib/x86_64-linux-gnu/librt-2.19.so
7f9108c33000-7f9108c34000 rw-p 00007000 08:01 529109                     /lib/x86_64-linux-gnu/librt-2.19.so
7f9108c34000-7f9108c4a000 r-xp 00000000 08:01 529008                     /lib/x86_64-linux-gnu/libgcc_s.so.1
7f9108c4a000-7f9108e49000 ---p 00016000 08:01 529008                     /lib/x86_64-linux-gnu/libgcc_s.so.1
7f9108e49000-7f9108e4a000 rw-p 00015000 08:01 529008                     /lib/x86_64-linux-gnu/libgcc_s.so.1
7f9108e4a000-7f9108f4f000 r-xp 00000000 08:01 529031                     /lib/x86_64-linux-gnu/libm-2.19.so
7f9108f4f000-7f910914e000 ---p 00105000 08:01 529031                     /lib/x86_64-linux-gnu/libm-2.19.so
7f910914e000-7f910914f000 r--p 00104000 08:01 529031                     /lib/x86_64-linux-gnu/libm-2.19.so
7f910914f000-7f9109150000 rw-p 00105000 08:01 529031                     /lib/x86_64-linux-gnu/libm-2.19.so
7f9109150000-7f9109236000 r-xp 00000000 08:01 665313                     /usr/lib/x86_64-linux-gnu/libstdc++.so.6.0.19
7f9109236000-7f9109435000 ---p 000e6000 08:01 665313                     /usr/lib/x86_64-linux-gnu/libstdc++.so.6.0.19
7f9109435000-7f910943d000 r--p 000e5000 08:01 665313                     /usr/lib/x86_64-linux-gnu/libstdc++.so.6.0.19
7f910943d000-7f910943f000 rw-p 000ed000 08:01 665313                     /usr/lib/x86_64-linux-gnu/libstdc++.so.6.0.19
7f910943f000-7f9109454000 rw-p 00000000 00:00 0 
7f9109454000-7f9109f6c000 r-xp 00000000 08:01 677032                     /usr/lib/jvm/java-7-openjdk-amd64/jre/lib/amd64/server/libjvm.so
7f9109f6c000-7f910a16c000 ---p 00b18000 08:01 677032                     /usr/lib/jvm/java-7-openjdk-amd64/jre/lib/amd64/server/libjvm.so
7f910a16c000-7f910a206000 r--p 00b18000 08:01 677032                     /usr/lib/jvm/java-7-openjdk-amd64/jre/lib/amd64/server/libjvm.so
7f910a206000-7f910a229000 rw-p 00bb2000 08:01 677032                     /usr/lib/jvm/java-7-openjdk-amd64/jre/lib/amd64/server/libjvm.so
7f910a229000-7f910a257000 rw-p 00000000 00:00 0 
7f910a257000-7f910a26f000 r-xp 00000000 08:01 529144                     /lib/x86_64-linux-gnu/libz.so.1.2.8
7f910a26f000-7f910a46e000 ---p 00018000 08:01 529144                     /lib/x86_64-linux-gnu/libz.so.1.2.8
7f910a46e000-7f910a46f000 r--p 00017000 08:01 529144                     /lib/x86_64-linux-gnu/libz.so.1.2.8
7f910a46f000-7f910a470000 rw-p 00018000 08:01 529144                     /lib/x86_64-linux-gnu/libz.so.1.2.8
7f910a470000-7f910a489000 r-xp 00000000 08:01 529101                     /lib/x86_64-linux-gnu/libpthread-2.19.so
7f910a489000-7f910a688000 ---p 00019000 08:01 529101                     /lib/x86_64-linux-gnu/libpthread-2.19.so
7f910a688000-7f910a689000 r--p 00018000 08:01 529101                     /lib/x86_64-linux-gnu/libpthread-2.19.so
7f910a689000-7f910a68a000 rw-p 00019000 08:01 529101                     /lib/x86_64-linux-gnu/libpthread-2.19.so
7f910a68a000-7f910a68e000 rw-p 00000000 00:00 0 
7f910a68e000-7f910a691000 r-xp 00000000 08:01 528998                     /lib/x86_64-linux-gnu/libdl-2.19.so
7f910a691000-7f910a890000 ---p 00003000 08:01 528998                     /lib/x86_64-linux-gnu/libdl-2.19.so
7f910a890000-7f910a891000 r--p 00002000 08:01 528998                     /lib/x86_64-linux-gnu/libdl-2.19.so
7f910a891000-7f910a892000 rw-p 00003000 08:01 528998                     /lib/x86_64-linux-gnu/libdl-2.19.so
7f910a892000-7f910aa4d000 r-xp 00000000 08:01 528981                     /lib/x86_64-linux-gnu/libc-2.19.so
7f910aa4d000-7f910ac4d000 ---p 001bb000 08:01 528981                     /lib/x86_64-linux-gnu/libc-2.19.so
7f910ac4d000-7f910ac51000 r--p 001bb000 08:01 528981                     /lib/x86_64-linux-gnu/libc-2.19.so
7f910ac51000-7f910ac53000 rw-p 001bf000 08:01 528981                     /lib/x86_64-linux-gnu/libc-2.19.so
7f910ac53000-7f910ac58000 rw-p 00000000 00:00 0 
7f910ac58000-7f910ac65000 r-xp 00000000 08:01 677009                     /usr/lib/jvm/java-7-openjdk-amd64/jre/lib/amd64/jli/libjli.so
7f910ac65000-7f910ae64000 ---p 0000d000 08:01 677009                     /usr/lib/jvm/java-7-openjdk-amd64/jre/lib/amd64/jli/libjli.so
7f910ae64000-7f910ae65000 r--p 0000c000 08:01 677009                     /usr/lib/jvm/java-7-openjdk-amd64/jre/lib/amd64/jli/libjli.so
7f910ae65000-7f910ae66000 rw-p 0000d000 08:01 677009                     /usr/lib/jvm/java-7-openjdk-amd64/jre/lib/amd64/jli/libjli.so
7f910ae66000-7f910ae89000 r-xp 00000000 08:01 528957                     /lib/x86_64-linux-gnu/ld-2.19.so
7f910aeaa000-7f910aeb4000 rw-p 00000000 00:00 0 
7f910aeb4000-7f910af6a000 rw-p 00000000 00:00 0 
7f910af6a000-7f910af6d000 ---p 00000000 00:00 0 
7f910af6d000-7f910b070000 rw-p 00000000 00:00 0                          [stack:4811]
7f910b07a000-7f910b07c000 rw-p 00000000 00:00 0 
7f910b07c000-7f910b084000 rw-s 00000000 08:01 539002                     /tmp/hsperfdata_metabrain/4806
7f910b084000-7f910b085000 rw-p 00000000 00:00 0 
7f910b085000-7f910b086000 r--p 00000000 00:00 0 
7f910b086000-7f910b088000 rw-p 00000000 00:00 0 
7f910b088000-7f910b089000 r--p 00022000 08:01 528957                     /lib/x86_64-linux-gnu/ld-2.19.so
7f910b089000-7f910b08a000 rw-p 00023000 08:01 528957                     /lib/x86_64-linux-gnu/ld-2.19.so
7f910b08a000-7f910b08b000 rw-p 00000000 00:00 0 
7fff9d49a000-7fff9d4bc000 rw-p 00000000 00:00 0                          [stack]
7fff9d5dc000-7fff9d5de000 r-xp 00000000 00:00 0                          [vdso]
7fff9d5de000-7fff9d5e0000 r--p 00000000 00:00 0                          [vvar]
ffffffffff600000-ffffffffff601000 r-xp 00000000 00:00 0                  [vsyscall]

VM Arguments:
jvm_args: -Dgrails.home=/home/metabrain/.gvm/grails/2.4.5 -Dbase.dir=/home/metabrain/IdeaProjects/parreira -Dtools.jar=/usr/lib/jvm/java-7-openjdk-amd64/lib/tools.jar -Dgroovy.starter.conf=/home/metabrain/.gvm/grails/2.4.5/conf/groovy-starter.conf -Xmx768M -Xms768M -XX:MaxPermSize=256m -XX:PermSize=256m -Dfile.encoding=UTF-8 
java_command: org.codehaus.groovy.grails.cli.support.GrailsStarter --main org.codehaus.groovy.grails.cli.GrailsScriptRunner --conf /home/metabrain/.gvm/grails/2.4.5/conf/groovy-starter.conf create-service Transaction -plain-output
Launcher Type: SUN_STANDARD

Environment Variables:
JAVA_HOME=/usr/lib/jvm/java-7-openjdk-amd64
PATH=/home/metabrain/.gvm/vertx/current/bin:/home/metabrain/.gvm/springboot/current/bin:/home/metabrain/.gvm/lazybones/current/bin:/home/metabrain/.gvm/jbake/current/bin:/home/metabrain/.gvm/groovyserv/current/bin:/home/metabrain/.gvm/groovy/current/bin:/home/metabrain/.gvm/griffon/current/bin:/home/metabrain/.gvm/grails/current/bin:/home/metabrain/.gvm/gradle/current/bin:/home/metabrain/.gvm/glide/current/bin:/home/metabrain/.gvm/gaiden/current/bin:/home/metabrain/.gvm/crash/current/bin:/home/metabrain/.gvm/asciidoctorj/current/bin:/usr/local/sbin:/usr/local/bin:/usr/sbin:/usr/bin:/sbin:/bin:/usr/games:/usr/local/games
LD_LIBRARY_PATH=.:
SHELL=/bin/bash
DISPLAY=:0

Signal Handlers:
SIGSEGV: [libjvm.so+0x94b4b0], sa_mask[0]=0x7ffbfeff, sa_flags=0x10000004
SIGBUS: [libjvm.so+0x94b4b0], sa_mask[0]=0x7ffbfeff, sa_flags=0x10000004
SIGFPE: [libjvm.so+0x7c3390], sa_mask[0]=0x7ffbfeff, sa_flags=0x10000004
SIGPIPE: [libjvm.so+0x7c3390], sa_mask[0]=0x7ffbfeff, sa_flags=0x10000004
SIGXFSZ: [libjvm.so+0x7c3390], sa_mask[0]=0x7ffbfeff, sa_flags=0x10000004
SIGILL: [libjvm.so+0x7c3390], sa_mask[0]=0x7ffbfeff, sa_flags=0x10000004
SIGUSR1: SIG_DFL, sa_mask[0]=0x00000000, sa_flags=0x00000000
SIGUSR2: [libjvm.so+0x7c3230], sa_mask[0]=0x00000004, sa_flags=0x10000004
SIGHUP: SIG_DFL, sa_mask[0]=0x00000000, sa_flags=0x00000000
SIGINT: SIG_DFL, sa_mask[0]=0x00000000, sa_flags=0x00000000
SIGTERM: SIG_DFL, sa_mask[0]=0x00000000, sa_flags=0x00000000
SIGQUIT: SIG_DFL, sa_mask[0]=0x00000000, sa_flags=0x00000000
SIGTRAP: SIG_DFL, sa_mask[0]=0x00000000, sa_flags=0x00000000


---------------  S Y S T E M  ---------------

OS:Ubuntu 14.04 (trusty)
uname:Linux 3.16.0-30-generic #40~14.04.1-Ubuntu SMP Thu Jan 15 17:43:14 UTC 2015 x86_64
libc:glibc 2.19 NPTL 2.19 
rlimit: STACK 8192k, CORE 0k, NPROC 7670, NOFILE 4096, AS infinity
load average:0.20 0.14 0.37

/proc/meminfo:
MemTotal:        1985144 kB
MemFree:           73400 kB
MemAvailable:      78804 kB
Buffers:            4016 kB
Cached:           102372 kB
SwapCached:        36364 kB
Active:          1306432 kB
Inactive:         493376 kB
Active(anon):    1255552 kB
Inactive(anon):   442412 kB
Active(file):      50880 kB
Inactive(file):    50964 kB
Unevictable:          16 kB
Mlocked:              16 kB
SwapTotal:       1046524 kB
SwapFree:         162684 kB
Dirty:                52 kB
Writeback:             0 kB
AnonPages:       1657484 kB
Mapped:            72240 kB
Shmem:              4328 kB
Slab:              42752 kB
SReclaimable:      21584 kB
SUnreclaim:        21168 kB
KernelStack:        8160 kB
PageTables:        32000 kB
NFS_Unstable:          0 kB
Bounce:                0 kB
WritebackTmp:          0 kB
CommitLimit:     2039096 kB
Committed_AS:    5626676 kB
VmallocTotal:   34359738367 kB
VmallocUsed:       32400 kB
VmallocChunk:   34359637540 kB
HardwareCorrupted:     0 kB
AnonHugePages:    827392 kB
HugePages_Total:       0
HugePages_Free:        0
HugePages_Rsvd:        0
HugePages_Surp:        0
Hugepagesize:       2048 kB
DirectMap4k:       48064 kB
DirectMap2M:     1984512 kB


CPU:total 2 (2 cores per cpu, 1 threads per core) family 6 model 42 stepping 7, cmov, cx8, fxsr, mmx, sse, sse2, sse3, ssse3, tsc

/proc/cpuinfo:
processor	: 0
vendor_id	: GenuineIntel
cpu family	: 6
model		: 42
model name	: Intel(R) Core(TM) i5-2410M CPU @ 2.30GHz
stepping	: 7
cpu MHz		: 2295.150
cache size	: 6144 KB
physical id	: 0
siblings	: 2
core id		: 0
cpu cores	: 2
apicid		: 0
initial apicid	: 0
fpu		: yes
fpu_exception	: yes
cpuid level	: 5
wp		: yes
flags		: fpu vme de pse tsc msr pae mce cx8 apic sep mtrr pge mca cmov pat pse36 clflush mmx fxsr sse sse2 ht syscall nx rdtscp lm constant_tsc rep_good nopl pni ssse3 lahf_lm
bogomips	: 4590.30
clflush size	: 64
cache_alignment	: 64
address sizes	: 36 bits physical, 48 bits virtual
power management:

processor	: 1
vendor_id	: GenuineIntel
cpu family	: 6
model		: 42
model name	: Intel(R) Core(TM) i5-2410M CPU @ 2.30GHz
stepping	: 7
cpu MHz		: 2295.150
cache size	: 6144 KB
physical id	: 0
siblings	: 2
core id		: 1
cpu cores	: 2
apicid		: 1
initial apicid	: 1
fpu		: yes
fpu_exception	: yes
cpuid level	: 5
wp		: yes
flags		: fpu vme de pse tsc msr pae mce cx8 apic sep mtrr pge mca cmov pat pse36 clflush mmx fxsr sse sse2 ht syscall nx rdtscp lm constant_tsc rep_good nopl pni ssse3 lahf_lm
bogomips	: 4590.30
clflush size	: 64
cache_alignment	: 64
address sizes	: 36 bits physical, 48 bits virtual
power management:



Memory: 4k page, physical 1985144k(73484k free), swap 1046524k(162684k free)

vm_info: OpenJDK 64-Bit Server VM (24.75-b04) for linux-amd64 JRE (1.7.0_75-b13), built on Jan 27 2015 00:38:59 by "buildd" with gcc 4.8.2

time: Mon Apr 13 00:26:33 2015
elapsed time: 0 seconds

