#
# There is insufficient memory for the Java Runtime Environment to continue.
# Native memory allocation (malloc) failed to allocate 268435456 bytes for committing reserved memory.
# Possible reasons:
#   The system is out of physical RAM or swap space
#   In 32 bit mode, the process size limit was hit
# Possible solutions:
#   Reduce memory load on the system
#   Increase physical memory or swap space
#   Check if swap backing store is full
#   Use 64 bit Java on a 64 bit OS
#   Decrease Java heap size (-Xmx/-Xms)
#   Decrease number of Java threads
#   Decrease Java thread stack sizes (-Xss)
#   Set larger code cache with -XX:ReservedCodeCacheSize=
# This output file may be truncated or incomplete.
#
#  Out of Memory Error (os_linux.cpp:2798), pid=3737, tid=140288674723584
#
# JRE version:  (7.0_75-b13) (build )
# Java VM: OpenJDK 64-Bit Server VM (24.75-b04 mixed mode linux-amd64 compressed oops)
# Derivative: IcedTea 2.5.4
# Distribution: Ubuntu 14.04 LTS, package 7u75-2.5.4-1~trusty1
# Failed to write core dump. Core dumps have been disabled. To enable core dumping, try "ulimit -c unlimited" before starting Java again
#

---------------  T H R E A D  ---------------

Current thread (0x00007f977800a800):  JavaThread "Unknown thread" [_thread_in_vm, id=3738, stack(0x00007f97808f7000,0x00007f97809f8000)]

Stack: [0x00007f97808f7000,0x00007f97809f8000],  sp=0x00007f97809f6450,  free space=1021k
Native frames: (J=compiled Java code, j=interpreted, Vv=VM code, C=native code)
V  [libjvm.so+0x94a9d5]  VMError::report_and_die()+0x175
V  [libjvm.so+0x48b954]  report_vm_out_of_memory(char const*, int, unsigned long, char const*)+0x74
V  [libjvm.so+0x7c7b7b]  os::pd_commit_memory(char*, unsigned long, unsigned long, bool)+0xeb
V  [libjvm.so+0x7c263f]  os::commit_memory(char*, unsigned long, unsigned long, bool)+0x1f
V  [libjvm.so+0x9478c4]  VirtualSpace::expand_by(unsigned long, bool)+0x1c4
V  [libjvm.so+0x561fd5]  Generation::Generation(ReservedSpace, unsigned long, int)+0xc5
V  [libjvm.so+0x490338]  DefNewGeneration::DefNewGeneration(ReservedSpace, unsigned long, int, char const*)+0x58
V  [libjvm.so+0x563313]  GenerationSpec::init(ReservedSpace, int, GenRemSet*)+0x533
V  [libjvm.so+0x555122]  GenCollectedHeap::initialize()+0x312
V  [libjvm.so+0x91b447]  Universe::initialize_heap()+0xc7
V  [libjvm.so+0x91b777]  universe_init()+0x67
V  [libjvm.so+0x59d1d5]  init_globals()+0x55
V  [libjvm.so+0x8fe15f]  Threads::create_vm(JavaVMInitArgs*, bool*)+0x35f
V  [libjvm.so+0x608554]  JNI_CreateJavaVM+0x54
C  [libjli.so+0x2b48]


---------------  P R O C E S S  ---------------

Java Threads: ( => current thread )

Other Threads:

=>0x00007f977800a800 (exited) JavaThread "Unknown thread" [_thread_in_vm, id=3738, stack(0x00007f97808f7000,0x00007f97809f8000)]

VM state:not at safepoint (not fully initialized)

VM Mutex/Monitor currently owned by a thread: None

GC Heap History (0 events):
No events

Deoptimization events (0 events):
No events

Internal exceptions (0 events):
No events

Events (0 events):
No events


Dynamic libraries:
00400000-00401000 r-xp 00000000 08:01 677047                             /usr/lib/jvm/java-7-openjdk-amd64/jre/bin/java
00600000-00601000 r--p 00000000 08:01 677047                             /usr/lib/jvm/java-7-openjdk-amd64/jre/bin/java
00601000-00602000 rw-p 00001000 08:01 677047                             /usr/lib/jvm/java-7-openjdk-amd64/jre/bin/java
01d99000-01dba000 rw-p 00000000 00:00 0                                  [heap]
d0000000-100000000 rw-p 00000000 00:00 0 
7f9775000000-7f9775270000 rwxp 00000000 00:00 0 
7f9775270000-7f9778023000 rw-p 00000000 00:00 0 
7f9778023000-7f977c000000 ---p 00000000 00:00 0 
7f977d0f9000-7f977d333000 rw-p 00000000 00:00 0 
7f977d333000-7f977d533000 rw-p 00000000 00:00 0 
7f977d533000-7f977d534000 rw-p 00000000 00:00 0 
7f977d534000-7f977d53c000 r-xp 00000000 08:01 677043                     /usr/lib/jvm/java-7-openjdk-amd64/jre/lib/amd64/libzip.so
7f977d53c000-7f977d73b000 ---p 00008000 08:01 677043                     /usr/lib/jvm/java-7-openjdk-amd64/jre/lib/amd64/libzip.so
7f977d73b000-7f977d73c000 r--p 00007000 08:01 677043                     /usr/lib/jvm/java-7-openjdk-amd64/jre/lib/amd64/libzip.so
7f977d73c000-7f977d73d000 rw-p 00008000 08:01 677043                     /usr/lib/jvm/java-7-openjdk-amd64/jre/lib/amd64/libzip.so
7f977d73d000-7f977d748000 r-xp 00000000 08:01 529056                     /lib/x86_64-linux-gnu/libnss_files-2.19.so
7f977d748000-7f977d947000 ---p 0000b000 08:01 529056                     /lib/x86_64-linux-gnu/libnss_files-2.19.so
7f977d947000-7f977d948000 r--p 0000a000 08:01 529056                     /lib/x86_64-linux-gnu/libnss_files-2.19.so
7f977d948000-7f977d949000 rw-p 0000b000 08:01 529056                     /lib/x86_64-linux-gnu/libnss_files-2.19.so
7f977d949000-7f977d954000 r-xp 00000000 08:01 529066                     /lib/x86_64-linux-gnu/libnss_nis-2.19.so
7f977d954000-7f977db53000 ---p 0000b000 08:01 529066                     /lib/x86_64-linux-gnu/libnss_nis-2.19.so
7f977db53000-7f977db54000 r--p 0000a000 08:01 529066                     /lib/x86_64-linux-gnu/libnss_nis-2.19.so
7f977db54000-7f977db55000 rw-p 0000b000 08:01 529066                     /lib/x86_64-linux-gnu/libnss_nis-2.19.so
7f977db55000-7f977db6c000 r-xp 00000000 08:01 529050                     /lib/x86_64-linux-gnu/libnsl-2.19.so
7f977db6c000-7f977dd6b000 ---p 00017000 08:01 529050                     /lib/x86_64-linux-gnu/libnsl-2.19.so
7f977dd6b000-7f977dd6c000 r--p 00016000 08:01 529050                     /lib/x86_64-linux-gnu/libnsl-2.19.so
7f977dd6c000-7f977dd6d000 rw-p 00017000 08:01 529050                     /lib/x86_64-linux-gnu/libnsl-2.19.so
7f977dd6d000-7f977dd6f000 rw-p 00000000 00:00 0 
7f977dd6f000-7f977dd78000 r-xp 00000000 08:01 529052                     /lib/x86_64-linux-gnu/libnss_compat-2.19.so
7f977dd78000-7f977df77000 ---p 00009000 08:01 529052                     /lib/x86_64-linux-gnu/libnss_compat-2.19.so
7f977df77000-7f977df78000 r--p 00008000 08:01 529052                     /lib/x86_64-linux-gnu/libnss_compat-2.19.so
7f977df78000-7f977df79000 rw-p 00009000 08:01 529052                     /lib/x86_64-linux-gnu/libnss_compat-2.19.so
7f977df79000-7f977dfa4000 r-xp 00000000 08:01 677027                     /usr/lib/jvm/java-7-openjdk-amd64/jre/lib/amd64/libjava.so
7f977dfa4000-7f977e1a4000 ---p 0002b000 08:01 677027                     /usr/lib/jvm/java-7-openjdk-amd64/jre/lib/amd64/libjava.so
7f977e1a4000-7f977e1a5000 r--p 0002b000 08:01 677027                     /usr/lib/jvm/java-7-openjdk-amd64/jre/lib/amd64/libjava.so
7f977e1a5000-7f977e1a7000 rw-p 0002c000 08:01 677027                     /usr/lib/jvm/java-7-openjdk-amd64/jre/lib/amd64/libjava.so
7f977e1a7000-7f977e1b7000 r-xp 00000000 08:01 677026                     /usr/lib/jvm/java-7-openjdk-amd64/jre/lib/amd64/libverify.so
7f977e1b7000-7f977e3b6000 ---p 00010000 08:01 677026                     /usr/lib/jvm/java-7-openjdk-amd64/jre/lib/amd64/libverify.so
7f977e3b6000-7f977e3b8000 r--p 0000f000 08:01 677026                     /usr/lib/jvm/java-7-openjdk-amd64/jre/lib/amd64/libverify.so
7f977e3b8000-7f977e3b9000 rw-p 00011000 08:01 677026                     /usr/lib/jvm/java-7-openjdk-amd64/jre/lib/amd64/libverify.so
7f977e3b9000-7f977e3c0000 r-xp 00000000 08:01 529109                     /lib/x86_64-linux-gnu/librt-2.19.so
7f977e3c0000-7f977e5bf000 ---p 00007000 08:01 529109                     /lib/x86_64-linux-gnu/librt-2.19.so
7f977e5bf000-7f977e5c0000 r--p 00006000 08:01 529109                     /lib/x86_64-linux-gnu/librt-2.19.so
7f977e5c0000-7f977e5c1000 rw-p 00007000 08:01 529109                     /lib/x86_64-linux-gnu/librt-2.19.so
7f977e5c1000-7f977e5d7000 r-xp 00000000 08:01 529008                     /lib/x86_64-linux-gnu/libgcc_s.so.1
7f977e5d7000-7f977e7d6000 ---p 00016000 08:01 529008                     /lib/x86_64-linux-gnu/libgcc_s.so.1
7f977e7d6000-7f977e7d7000 rw-p 00015000 08:01 529008                     /lib/x86_64-linux-gnu/libgcc_s.so.1
7f977e7d7000-7f977e8dc000 r-xp 00000000 08:01 529031                     /lib/x86_64-linux-gnu/libm-2.19.so
7f977e8dc000-7f977eadb000 ---p 00105000 08:01 529031                     /lib/x86_64-linux-gnu/libm-2.19.so
7f977eadb000-7f977eadc000 r--p 00104000 08:01 529031                     /lib/x86_64-linux-gnu/libm-2.19.so
7f977eadc000-7f977eadd000 rw-p 00105000 08:01 529031                     /lib/x86_64-linux-gnu/libm-2.19.so
7f977eadd000-7f977ebc3000 r-xp 00000000 08:01 665313                     /usr/lib/x86_64-linux-gnu/libstdc++.so.6.0.19
7f977ebc3000-7f977edc2000 ---p 000e6000 08:01 665313                     /usr/lib/x86_64-linux-gnu/libstdc++.so.6.0.19
7f977edc2000-7f977edca000 r--p 000e5000 08:01 665313                     /usr/lib/x86_64-linux-gnu/libstdc++.so.6.0.19
7f977edca000-7f977edcc000 rw-p 000ed000 08:01 665313                     /usr/lib/x86_64-linux-gnu/libstdc++.so.6.0.19
7f977edcc000-7f977ede1000 rw-p 00000000 00:00 0 
7f977ede1000-7f977f8f9000 r-xp 00000000 08:01 677032                     /usr/lib/jvm/java-7-openjdk-amd64/jre/lib/amd64/server/libjvm.so
7f977f8f9000-7f977faf9000 ---p 00b18000 08:01 677032                     /usr/lib/jvm/java-7-openjdk-amd64/jre/lib/amd64/server/libjvm.so
7f977faf9000-7f977fb93000 r--p 00b18000 08:01 677032                     /usr/lib/jvm/java-7-openjdk-amd64/jre/lib/amd64/server/libjvm.so
7f977fb93000-7f977fbb6000 rw-p 00bb2000 08:01 677032                     /usr/lib/jvm/java-7-openjdk-amd64/jre/lib/amd64/server/libjvm.so
7f977fbb6000-7f977fbe4000 rw-p 00000000 00:00 0 
7f977fbe4000-7f977fbfc000 r-xp 00000000 08:01 529144                     /lib/x86_64-linux-gnu/libz.so.1.2.8
7f977fbfc000-7f977fdfb000 ---p 00018000 08:01 529144                     /lib/x86_64-linux-gnu/libz.so.1.2.8
7f977fdfb000-7f977fdfc000 r--p 00017000 08:01 529144                     /lib/x86_64-linux-gnu/libz.so.1.2.8
7f977fdfc000-7f977fdfd000 rw-p 00018000 08:01 529144                     /lib/x86_64-linux-gnu/libz.so.1.2.8
7f977fdfd000-7f977fe16000 r-xp 00000000 08:01 529101                     /lib/x86_64-linux-gnu/libpthread-2.19.so
7f977fe16000-7f9780015000 ---p 00019000 08:01 529101                     /lib/x86_64-linux-gnu/libpthread-2.19.so
7f9780015000-7f9780016000 r--p 00018000 08:01 529101                     /lib/x86_64-linux-gnu/libpthread-2.19.so
7f9780016000-7f9780017000 rw-p 00019000 08:01 529101                     /lib/x86_64-linux-gnu/libpthread-2.19.so
7f9780017000-7f978001b000 rw-p 00000000 00:00 0 
7f978001b000-7f978001e000 r-xp 00000000 08:01 528998                     /lib/x86_64-linux-gnu/libdl-2.19.so
7f978001e000-7f978021d000 ---p 00003000 08:01 528998                     /lib/x86_64-linux-gnu/libdl-2.19.so
7f978021d000-7f978021e000 r--p 00002000 08:01 528998                     /lib/x86_64-linux-gnu/libdl-2.19.so
7f978021e000-7f978021f000 rw-p 00003000 08:01 528998                     /lib/x86_64-linux-gnu/libdl-2.19.so
7f978021f000-7f97803da000 r-xp 00000000 08:01 528981                     /lib/x86_64-linux-gnu/libc-2.19.so
7f97803da000-7f97805da000 ---p 001bb000 08:01 528981                     /lib/x86_64-linux-gnu/libc-2.19.so
7f97805da000-7f97805de000 r--p 001bb000 08:01 528981                     /lib/x86_64-linux-gnu/libc-2.19.so
7f97805de000-7f97805e0000 rw-p 001bf000 08:01 528981                     /lib/x86_64-linux-gnu/libc-2.19.so
7f97805e0000-7f97805e5000 rw-p 00000000 00:00 0 
7f97805e5000-7f97805f2000 r-xp 00000000 08:01 677009                     /usr/lib/jvm/java-7-openjdk-amd64/jre/lib/amd64/jli/libjli.so
7f97805f2000-7f97807f1000 ---p 0000d000 08:01 677009                     /usr/lib/jvm/java-7-openjdk-amd64/jre/lib/amd64/jli/libjli.so
7f97807f1000-7f97807f2000 r--p 0000c000 08:01 677009                     /usr/lib/jvm/java-7-openjdk-amd64/jre/lib/amd64/jli/libjli.so
7f97807f2000-7f97807f3000 rw-p 0000d000 08:01 677009                     /usr/lib/jvm/java-7-openjdk-amd64/jre/lib/amd64/jli/libjli.so
7f97807f3000-7f9780816000 r-xp 00000000 08:01 528957                     /lib/x86_64-linux-gnu/ld-2.19.so
7f9780837000-7f9780841000 rw-p 00000000 00:00 0 
7f9780841000-7f97808f7000 rw-p 00000000 00:00 0 
7f97808f7000-7f97808fa000 ---p 00000000 00:00 0 
7f97808fa000-7f97809fd000 rw-p 00000000 00:00 0                          [stack:3738]
7f9780a07000-7f9780a09000 rw-p 00000000 00:00 0 
7f9780a09000-7f9780a11000 rw-s 00000000 08:01 165658                     /tmp/hsperfdata_metabrain/3737
7f9780a11000-7f9780a12000 rw-p 00000000 00:00 0 
7f9780a12000-7f9780a13000 r--p 00000000 00:00 0 
7f9780a13000-7f9780a15000 rw-p 00000000 00:00 0 
7f9780a15000-7f9780a16000 r--p 00022000 08:01 528957                     /lib/x86_64-linux-gnu/ld-2.19.so
7f9780a16000-7f9780a17000 rw-p 00023000 08:01 528957                     /lib/x86_64-linux-gnu/ld-2.19.so
7f9780a17000-7f9780a18000 rw-p 00000000 00:00 0 
7fff815f2000-7fff81614000 rw-p 00000000 00:00 0                          [stack]
7fff817f2000-7fff817f4000 r-xp 00000000 00:00 0                          [vdso]
7fff817f4000-7fff817f6000 r--p 00000000 00:00 0                          [vvar]
ffffffffff600000-ffffffffff601000 r-xp 00000000 00:00 0                  [vsyscall]

VM Arguments:
jvm_args: -Dgrails.home=/home/metabrain/.gvm/grails/2.4.5 -Dbase.dir=/home/metabrain/IdeaProjects/parreira -Dtools.jar=/usr/lib/jvm/java-7-openjdk-amd64/lib/tools.jar -Dgroovy.starter.conf=/home/metabrain/.gvm/grails/2.4.5/conf/groovy-starter.conf -Xmx768M -Xms768M -XX:MaxPermSize=256m -XX:PermSize=256m -Dfile.encoding=UTF-8 
java_command: org.codehaus.groovy.grails.cli.support.GrailsStarter --main org.codehaus.groovy.grails.cli.GrailsScriptRunner --conf /home/metabrain/.gvm/grails/2.4.5/conf/groovy-starter.conf create-domain-class Transaction -plain-output
Launcher Type: SUN_STANDARD

Environment Variables:
JAVA_HOME=/usr/lib/jvm/java-7-openjdk-amd64
PATH=/home/metabrain/.gvm/vertx/current/bin:/home/metabrain/.gvm/springboot/current/bin:/home/metabrain/.gvm/lazybones/current/bin:/home/metabrain/.gvm/jbake/current/bin:/home/metabrain/.gvm/groovyserv/current/bin:/home/metabrain/.gvm/groovy/current/bin:/home/metabrain/.gvm/griffon/current/bin:/home/metabrain/.gvm/grails/current/bin:/home/metabrain/.gvm/gradle/current/bin:/home/metabrain/.gvm/glide/current/bin:/home/metabrain/.gvm/gaiden/current/bin:/home/metabrain/.gvm/crash/current/bin:/home/metabrain/.gvm/asciidoctorj/current/bin:/usr/local/sbin:/usr/local/bin:/usr/sbin:/usr/bin:/sbin:/bin:/usr/games:/usr/local/games
LD_LIBRARY_PATH=.:
SHELL=/bin/bash
DISPLAY=:0

Signal Handlers:
SIGSEGV: [libjvm.so+0x94b4b0], sa_mask[0]=0x7ffbfeff, sa_flags=0x10000004
SIGBUS: [libjvm.so+0x94b4b0], sa_mask[0]=0x7ffbfeff, sa_flags=0x10000004
SIGFPE: [libjvm.so+0x7c3390], sa_mask[0]=0x7ffbfeff, sa_flags=0x10000004
SIGPIPE: [libjvm.so+0x7c3390], sa_mask[0]=0x7ffbfeff, sa_flags=0x10000004
SIGXFSZ: [libjvm.so+0x7c3390], sa_mask[0]=0x7ffbfeff, sa_flags=0x10000004
SIGILL: [libjvm.so+0x7c3390], sa_mask[0]=0x7ffbfeff, sa_flags=0x10000004
SIGUSR1: SIG_DFL, sa_mask[0]=0x00000000, sa_flags=0x00000000
SIGUSR2: [libjvm.so+0x7c3230], sa_mask[0]=0x00000004, sa_flags=0x10000004
SIGHUP: SIG_DFL, sa_mask[0]=0x00000000, sa_flags=0x00000000
SIGINT: SIG_DFL, sa_mask[0]=0x00000000, sa_flags=0x00000000
SIGTERM: SIG_DFL, sa_mask[0]=0x00000000, sa_flags=0x00000000
SIGQUIT: SIG_DFL, sa_mask[0]=0x00000000, sa_flags=0x00000000
SIGTRAP: SIG_DFL, sa_mask[0]=0x00000000, sa_flags=0x00000000


---------------  S Y S T E M  ---------------

OS:Ubuntu 14.04 (trusty)
uname:Linux 3.16.0-30-generic #40~14.04.1-Ubuntu SMP Thu Jan 15 17:43:14 UTC 2015 x86_64
libc:glibc 2.19 NPTL 2.19 
rlimit: STACK 8192k, CORE 0k, NPROC 5907, NOFILE 4096, AS infinity
load average:0.69 0.90 1.47

/proc/meminfo:
MemTotal:        1533672 kB
MemFree:           58188 kB
MemAvailable:      27752 kB
Buffers:             948 kB
Cached:            53292 kB
SwapCached:         4364 kB
Active:          1018700 kB
Inactive:         352052 kB
Active(anon):    1001384 kB
Inactive(anon):   335756 kB
Active(file):      17316 kB
Inactive(file):    16296 kB
Unevictable:           0 kB
Mlocked:               0 kB
SwapTotal:       1046524 kB
SwapFree:              4 kB
Dirty:                60 kB
Writeback:             0 kB
AnonPages:       1312384 kB
Mapped:            34736 kB
Shmem:             20568 kB
Slab:              38364 kB
SReclaimable:      18132 kB
SUnreclaim:        20232 kB
KernelStack:        8016 kB
PageTables:        32400 kB
NFS_Unstable:          0 kB
Bounce:                0 kB
WritebackTmp:          0 kB
CommitLimit:     1813360 kB
Committed_AS:    5897692 kB
VmallocTotal:   34359738367 kB
VmallocUsed:       32776 kB
VmallocChunk:   34359669948 kB
HardwareCorrupted:     0 kB
AnonHugePages:    503808 kB
HugePages_Total:       0
HugePages_Free:        0
HugePages_Rsvd:        0
HugePages_Surp:        0
Hugepagesize:       2048 kB
DirectMap4k:       47040 kB
DirectMap2M:     1525760 kB


CPU:total 1 (1 cores per cpu, 1 threads per core) family 6 model 42 stepping 7, cmov, cx8, fxsr, mmx, sse, sse2, sse3, ssse3, tsc

/proc/cpuinfo:
processor	: 0
vendor_id	: GenuineIntel
cpu family	: 6
model		: 42
model name	: Intel(R) Core(TM) i5-2410M CPU @ 2.30GHz
stepping	: 7
cpu MHz		: 2293.827
cache size	: 6144 KB
physical id	: 0
siblings	: 1
core id		: 0
cpu cores	: 1
apicid		: 0
initial apicid	: 0
fpu		: yes
fpu_exception	: yes
cpuid level	: 5
wp		: yes
flags		: fpu vme de pse tsc msr pae mce cx8 apic sep mtrr pge mca cmov pat pse36 clflush mmx fxsr sse sse2 syscall nx rdtscp lm constant_tsc rep_good nopl pni monitor ssse3 lahf_lm
bogomips	: 4587.65
clflush size	: 64
cache_alignment	: 64
address sizes	: 36 bits physical, 48 bits virtual
power management:



Memory: 4k page, physical 1533672k(58188k free), swap 1046524k(4k free)

vm_info: OpenJDK 64-Bit Server VM (24.75-b04) for linux-amd64 JRE (1.7.0_75-b13), built on Jan 27 2015 00:38:59 by "buildd" with gcc 4.8.2

time: Sun Apr 12 21:59:50 2015
elapsed time: 0 seconds

