#
# There is insufficient memory for the Java Runtime Environment to continue.
# Native memory allocation (malloc) failed to allocate 268435456 bytes for committing reserved memory.
# Possible reasons:
#   The system is out of physical RAM or swap space
#   In 32 bit mode, the process size limit was hit
# Possible solutions:
#   Reduce memory load on the system
#   Increase physical memory or swap space
#   Check if swap backing store is full
#   Use 64 bit Java on a 64 bit OS
#   Decrease Java heap size (-Xmx/-Xms)
#   Decrease number of Java threads
#   Decrease Java thread stack sizes (-Xss)
#   Set larger code cache with -XX:ReservedCodeCacheSize=
# This output file may be truncated or incomplete.
#
#  Out of Memory Error (os_linux.cpp:2798), pid=3731, tid=140502849066752
#
# JRE version:  (7.0_75-b13) (build )
# Java VM: OpenJDK 64-Bit Server VM (24.75-b04 mixed mode linux-amd64 compressed oops)
# Derivative: IcedTea 2.5.4
# Distribution: Ubuntu 14.04 LTS, package 7u75-2.5.4-1~trusty1
# Failed to write core dump. Core dumps have been disabled. To enable core dumping, try "ulimit -c unlimited" before starting Java again
#

---------------  T H R E A D  ---------------

Current thread (0x00007fc95800a800):  JavaThread "Unknown thread" [_thread_in_vm, id=3736, stack(0x00007fc95e589000,0x00007fc95e68a000)]

Stack: [0x00007fc95e589000,0x00007fc95e68a000],  sp=0x00007fc95e688450,  free space=1021k
Native frames: (J=compiled Java code, j=interpreted, Vv=VM code, C=native code)
V  [libjvm.so+0x94a9d5]  VMError::report_and_die()+0x175
V  [libjvm.so+0x48b954]  report_vm_out_of_memory(char const*, int, unsigned long, char const*)+0x74
V  [libjvm.so+0x7c7b7b]  os::pd_commit_memory(char*, unsigned long, unsigned long, bool)+0xeb
V  [libjvm.so+0x7c263f]  os::commit_memory(char*, unsigned long, unsigned long, bool)+0x1f
V  [libjvm.so+0x9478c4]  VirtualSpace::expand_by(unsigned long, bool)+0x1c4
V  [libjvm.so+0x561fd5]  Generation::Generation(ReservedSpace, unsigned long, int)+0xc5
V  [libjvm.so+0x490338]  DefNewGeneration::DefNewGeneration(ReservedSpace, unsigned long, int, char const*)+0x58
V  [libjvm.so+0x563313]  GenerationSpec::init(ReservedSpace, int, GenRemSet*)+0x533
V  [libjvm.so+0x555122]  GenCollectedHeap::initialize()+0x312
V  [libjvm.so+0x91b447]  Universe::initialize_heap()+0xc7
V  [libjvm.so+0x91b777]  universe_init()+0x67
V  [libjvm.so+0x59d1d5]  init_globals()+0x55
V  [libjvm.so+0x8fe15f]  Threads::create_vm(JavaVMInitArgs*, bool*)+0x35f
V  [libjvm.so+0x608554]  JNI_CreateJavaVM+0x54
C  [libjli.so+0x2b48]


---------------  P R O C E S S  ---------------

Java Threads: ( => current thread )

Other Threads:

=>0x00007fc95800a800 (exited) JavaThread "Unknown thread" [_thread_in_vm, id=3736, stack(0x00007fc95e589000,0x00007fc95e68a000)]

VM state:not at safepoint (not fully initialized)

VM Mutex/Monitor currently owned by a thread: None

GC Heap History (0 events):
No events

Deoptimization events (0 events):
No events

Internal exceptions (0 events):
No events

Events (0 events):
No events


Dynamic libraries:
00400000-00401000 r-xp 00000000 08:01 677047                             /usr/lib/jvm/java-7-openjdk-amd64/jre/bin/java
00600000-00601000 r--p 00000000 08:01 677047                             /usr/lib/jvm/java-7-openjdk-amd64/jre/bin/java
00601000-00602000 rw-p 00001000 08:01 677047                             /usr/lib/jvm/java-7-openjdk-amd64/jre/bin/java
01863000-01884000 rw-p 00000000 00:00 0                                  [heap]
d0000000-100000000 rw-p 00000000 00:00 0 
7fc953d40000-7fc953f7a000 rw-p 00000000 00:00 0 
7fc953f7a000-7fc95417a000 rw-p 00000000 00:00 0 
7fc95417a000-7fc95417b000 rw-p 00000000 00:00 0 
7fc95417b000-7fc9543eb000 rwxp 00000000 00:00 0 
7fc9543eb000-7fc95717b000 rw-p 00000000 00:00 0 
7fc95717b000-7fc957183000 r-xp 00000000 08:01 677043                     /usr/lib/jvm/java-7-openjdk-amd64/jre/lib/amd64/libzip.so
7fc957183000-7fc957382000 ---p 00008000 08:01 677043                     /usr/lib/jvm/java-7-openjdk-amd64/jre/lib/amd64/libzip.so
7fc957382000-7fc957383000 r--p 00007000 08:01 677043                     /usr/lib/jvm/java-7-openjdk-amd64/jre/lib/amd64/libzip.so
7fc957383000-7fc957384000 rw-p 00008000 08:01 677043                     /usr/lib/jvm/java-7-openjdk-amd64/jre/lib/amd64/libzip.so
7fc957384000-7fc95738f000 r-xp 00000000 08:01 529056                     /lib/x86_64-linux-gnu/libnss_files-2.19.so
7fc95738f000-7fc95758e000 ---p 0000b000 08:01 529056                     /lib/x86_64-linux-gnu/libnss_files-2.19.so
7fc95758e000-7fc95758f000 r--p 0000a000 08:01 529056                     /lib/x86_64-linux-gnu/libnss_files-2.19.so
7fc95758f000-7fc957590000 rw-p 0000b000 08:01 529056                     /lib/x86_64-linux-gnu/libnss_files-2.19.so
7fc957590000-7fc95759b000 r-xp 00000000 08:01 529066                     /lib/x86_64-linux-gnu/libnss_nis-2.19.so
7fc95759b000-7fc95779a000 ---p 0000b000 08:01 529066                     /lib/x86_64-linux-gnu/libnss_nis-2.19.so
7fc95779a000-7fc95779b000 r--p 0000a000 08:01 529066                     /lib/x86_64-linux-gnu/libnss_nis-2.19.so
7fc95779b000-7fc95779c000 rw-p 0000b000 08:01 529066                     /lib/x86_64-linux-gnu/libnss_nis-2.19.so
7fc95779c000-7fc9577b3000 r-xp 00000000 08:01 529050                     /lib/x86_64-linux-gnu/libnsl-2.19.so
7fc9577b3000-7fc9579b2000 ---p 00017000 08:01 529050                     /lib/x86_64-linux-gnu/libnsl-2.19.so
7fc9579b2000-7fc9579b3000 r--p 00016000 08:01 529050                     /lib/x86_64-linux-gnu/libnsl-2.19.so
7fc9579b3000-7fc9579b4000 rw-p 00017000 08:01 529050                     /lib/x86_64-linux-gnu/libnsl-2.19.so
7fc9579b4000-7fc9579b6000 rw-p 00000000 00:00 0 
7fc9579b6000-7fc9579bf000 r-xp 00000000 08:01 529052                     /lib/x86_64-linux-gnu/libnss_compat-2.19.so
7fc9579bf000-7fc957bbe000 ---p 00009000 08:01 529052                     /lib/x86_64-linux-gnu/libnss_compat-2.19.so
7fc957bbe000-7fc957bbf000 r--p 00008000 08:01 529052                     /lib/x86_64-linux-gnu/libnss_compat-2.19.so
7fc957bbf000-7fc957bc0000 rw-p 00009000 08:01 529052                     /lib/x86_64-linux-gnu/libnss_compat-2.19.so
7fc957bc0000-7fc957beb000 r-xp 00000000 08:01 677027                     /usr/lib/jvm/java-7-openjdk-amd64/jre/lib/amd64/libjava.so
7fc957beb000-7fc957deb000 ---p 0002b000 08:01 677027                     /usr/lib/jvm/java-7-openjdk-amd64/jre/lib/amd64/libjava.so
7fc957deb000-7fc957dec000 r--p 0002b000 08:01 677027                     /usr/lib/jvm/java-7-openjdk-amd64/jre/lib/amd64/libjava.so
7fc957dec000-7fc957dee000 rw-p 0002c000 08:01 677027                     /usr/lib/jvm/java-7-openjdk-amd64/jre/lib/amd64/libjava.so
7fc957dee000-7fc957dfe000 r-xp 00000000 08:01 677026                     /usr/lib/jvm/java-7-openjdk-amd64/jre/lib/amd64/libverify.so
7fc957dfe000-7fc957ffd000 ---p 00010000 08:01 677026                     /usr/lib/jvm/java-7-openjdk-amd64/jre/lib/amd64/libverify.so
7fc957ffd000-7fc957fff000 r--p 0000f000 08:01 677026                     /usr/lib/jvm/java-7-openjdk-amd64/jre/lib/amd64/libverify.so
7fc957fff000-7fc958000000 rw-p 00011000 08:01 677026                     /usr/lib/jvm/java-7-openjdk-amd64/jre/lib/amd64/libverify.so
7fc958000000-7fc958023000 rw-p 00000000 00:00 0 
7fc958023000-7fc95c000000 ---p 00000000 00:00 0 
7fc95c04b000-7fc95c052000 r-xp 00000000 08:01 529109                     /lib/x86_64-linux-gnu/librt-2.19.so
7fc95c052000-7fc95c251000 ---p 00007000 08:01 529109                     /lib/x86_64-linux-gnu/librt-2.19.so
7fc95c251000-7fc95c252000 r--p 00006000 08:01 529109                     /lib/x86_64-linux-gnu/librt-2.19.so
7fc95c252000-7fc95c253000 rw-p 00007000 08:01 529109                     /lib/x86_64-linux-gnu/librt-2.19.so
7fc95c253000-7fc95c269000 r-xp 00000000 08:01 529008                     /lib/x86_64-linux-gnu/libgcc_s.so.1
7fc95c269000-7fc95c468000 ---p 00016000 08:01 529008                     /lib/x86_64-linux-gnu/libgcc_s.so.1
7fc95c468000-7fc95c469000 rw-p 00015000 08:01 529008                     /lib/x86_64-linux-gnu/libgcc_s.so.1
7fc95c469000-7fc95c56e000 r-xp 00000000 08:01 529031                     /lib/x86_64-linux-gnu/libm-2.19.so
7fc95c56e000-7fc95c76d000 ---p 00105000 08:01 529031                     /lib/x86_64-linux-gnu/libm-2.19.so
7fc95c76d000-7fc95c76e000 r--p 00104000 08:01 529031                     /lib/x86_64-linux-gnu/libm-2.19.so
7fc95c76e000-7fc95c76f000 rw-p 00105000 08:01 529031                     /lib/x86_64-linux-gnu/libm-2.19.so
7fc95c76f000-7fc95c855000 r-xp 00000000 08:01 665313                     /usr/lib/x86_64-linux-gnu/libstdc++.so.6.0.19
7fc95c855000-7fc95ca54000 ---p 000e6000 08:01 665313                     /usr/lib/x86_64-linux-gnu/libstdc++.so.6.0.19
7fc95ca54000-7fc95ca5c000 r--p 000e5000 08:01 665313                     /usr/lib/x86_64-linux-gnu/libstdc++.so.6.0.19
7fc95ca5c000-7fc95ca5e000 rw-p 000ed000 08:01 665313                     /usr/lib/x86_64-linux-gnu/libstdc++.so.6.0.19
7fc95ca5e000-7fc95ca73000 rw-p 00000000 00:00 0 
7fc95ca73000-7fc95d58b000 r-xp 00000000 08:01 677032                     /usr/lib/jvm/java-7-openjdk-amd64/jre/lib/amd64/server/libjvm.so
7fc95d58b000-7fc95d78b000 ---p 00b18000 08:01 677032                     /usr/lib/jvm/java-7-openjdk-amd64/jre/lib/amd64/server/libjvm.so
7fc95d78b000-7fc95d825000 r--p 00b18000 08:01 677032                     /usr/lib/jvm/java-7-openjdk-amd64/jre/lib/amd64/server/libjvm.so
7fc95d825000-7fc95d848000 rw-p 00bb2000 08:01 677032                     /usr/lib/jvm/java-7-openjdk-amd64/jre/lib/amd64/server/libjvm.so
7fc95d848000-7fc95d876000 rw-p 00000000 00:00 0 
7fc95d876000-7fc95d88e000 r-xp 00000000 08:01 529144                     /lib/x86_64-linux-gnu/libz.so.1.2.8
7fc95d88e000-7fc95da8d000 ---p 00018000 08:01 529144                     /lib/x86_64-linux-gnu/libz.so.1.2.8
7fc95da8d000-7fc95da8e000 r--p 00017000 08:01 529144                     /lib/x86_64-linux-gnu/libz.so.1.2.8
7fc95da8e000-7fc95da8f000 rw-p 00018000 08:01 529144                     /lib/x86_64-linux-gnu/libz.so.1.2.8
7fc95da8f000-7fc95daa8000 r-xp 00000000 08:01 529101                     /lib/x86_64-linux-gnu/libpthread-2.19.so
7fc95daa8000-7fc95dca7000 ---p 00019000 08:01 529101                     /lib/x86_64-linux-gnu/libpthread-2.19.so
7fc95dca7000-7fc95dca8000 r--p 00018000 08:01 529101                     /lib/x86_64-linux-gnu/libpthread-2.19.so
7fc95dca8000-7fc95dca9000 rw-p 00019000 08:01 529101                     /lib/x86_64-linux-gnu/libpthread-2.19.so
7fc95dca9000-7fc95dcad000 rw-p 00000000 00:00 0 
7fc95dcad000-7fc95dcb0000 r-xp 00000000 08:01 528998                     /lib/x86_64-linux-gnu/libdl-2.19.so
7fc95dcb0000-7fc95deaf000 ---p 00003000 08:01 528998                     /lib/x86_64-linux-gnu/libdl-2.19.so
7fc95deaf000-7fc95deb0000 r--p 00002000 08:01 528998                     /lib/x86_64-linux-gnu/libdl-2.19.so
7fc95deb0000-7fc95deb1000 rw-p 00003000 08:01 528998                     /lib/x86_64-linux-gnu/libdl-2.19.so
7fc95deb1000-7fc95e06c000 r-xp 00000000 08:01 528981                     /lib/x86_64-linux-gnu/libc-2.19.so
7fc95e06c000-7fc95e26c000 ---p 001bb000 08:01 528981                     /lib/x86_64-linux-gnu/libc-2.19.so
7fc95e26c000-7fc95e270000 r--p 001bb000 08:01 528981                     /lib/x86_64-linux-gnu/libc-2.19.so
7fc95e270000-7fc95e272000 rw-p 001bf000 08:01 528981                     /lib/x86_64-linux-gnu/libc-2.19.so
7fc95e272000-7fc95e277000 rw-p 00000000 00:00 0 
7fc95e277000-7fc95e284000 r-xp 00000000 08:01 677009                     /usr/lib/jvm/java-7-openjdk-amd64/jre/lib/amd64/jli/libjli.so
7fc95e284000-7fc95e483000 ---p 0000d000 08:01 677009                     /usr/lib/jvm/java-7-openjdk-amd64/jre/lib/amd64/jli/libjli.so
7fc95e483000-7fc95e484000 r--p 0000c000 08:01 677009                     /usr/lib/jvm/java-7-openjdk-amd64/jre/lib/amd64/jli/libjli.so
7fc95e484000-7fc95e485000 rw-p 0000d000 08:01 677009                     /usr/lib/jvm/java-7-openjdk-amd64/jre/lib/amd64/jli/libjli.so
7fc95e485000-7fc95e4a8000 r-xp 00000000 08:01 528957                     /lib/x86_64-linux-gnu/ld-2.19.so
7fc95e4c9000-7fc95e4d3000 rw-p 00000000 00:00 0 
7fc95e4d3000-7fc95e589000 rw-p 00000000 00:00 0 
7fc95e589000-7fc95e58c000 ---p 00000000 00:00 0 
7fc95e58c000-7fc95e68f000 rw-p 00000000 00:00 0                          [stack:3736]
7fc95e699000-7fc95e69b000 rw-p 00000000 00:00 0 
7fc95e69b000-7fc95e6a3000 rw-s 00000000 08:01 165658                     /tmp/hsperfdata_metabrain/3731
7fc95e6a3000-7fc95e6a4000 rw-p 00000000 00:00 0 
7fc95e6a4000-7fc95e6a5000 r--p 00000000 00:00 0 
7fc95e6a5000-7fc95e6a7000 rw-p 00000000 00:00 0 
7fc95e6a7000-7fc95e6a8000 r--p 00022000 08:01 528957                     /lib/x86_64-linux-gnu/ld-2.19.so
7fc95e6a8000-7fc95e6a9000 rw-p 00023000 08:01 528957                     /lib/x86_64-linux-gnu/ld-2.19.so
7fc95e6a9000-7fc95e6aa000 rw-p 00000000 00:00 0 
7fff86bf9000-7fff86c1b000 rw-p 00000000 00:00 0                          [stack]
7fff86d0b000-7fff86d0d000 r-xp 00000000 00:00 0                          [vdso]
7fff86d0d000-7fff86d0f000 r--p 00000000 00:00 0                          [vvar]
ffffffffff600000-ffffffffff601000 r-xp 00000000 00:00 0                  [vsyscall]

VM Arguments:
jvm_args: -Dgrails.home=/home/metabrain/.gvm/grails/2.4.5 -Dbase.dir=/home/metabrain/IdeaProjects/parreira -Dtools.jar=/usr/lib/jvm/java-7-openjdk-amd64/lib/tools.jar -Dgroovy.starter.conf=/home/metabrain/.gvm/grails/2.4.5/conf/groovy-starter.conf -Xmx768M -Xms768M -XX:MaxPermSize=256m -XX:PermSize=256m -Dfile.encoding=UTF-8 
java_command: org.codehaus.groovy.grails.cli.support.GrailsStarter --main org.codehaus.groovy.grails.cli.GrailsScriptRunner --conf /home/metabrain/.gvm/grails/2.4.5/conf/groovy-starter.conf create-domain-class Transaction -plain-output
Launcher Type: SUN_STANDARD

Environment Variables:
JAVA_HOME=/usr/lib/jvm/java-7-openjdk-amd64
PATH=/home/metabrain/.gvm/vertx/current/bin:/home/metabrain/.gvm/springboot/current/bin:/home/metabrain/.gvm/lazybones/current/bin:/home/metabrain/.gvm/jbake/current/bin:/home/metabrain/.gvm/groovyserv/current/bin:/home/metabrain/.gvm/groovy/current/bin:/home/metabrain/.gvm/griffon/current/bin:/home/metabrain/.gvm/grails/current/bin:/home/metabrain/.gvm/gradle/current/bin:/home/metabrain/.gvm/glide/current/bin:/home/metabrain/.gvm/gaiden/current/bin:/home/metabrain/.gvm/crash/current/bin:/home/metabrain/.gvm/asciidoctorj/current/bin:/usr/local/sbin:/usr/local/bin:/usr/sbin:/usr/bin:/sbin:/bin:/usr/games:/usr/local/games
LD_LIBRARY_PATH=.:
SHELL=/bin/bash
DISPLAY=:0

Signal Handlers:
SIGSEGV: [libjvm.so+0x94b4b0], sa_mask[0]=0x7ffbfeff, sa_flags=0x10000004
SIGBUS: [libjvm.so+0x94b4b0], sa_mask[0]=0x7ffbfeff, sa_flags=0x10000004
SIGFPE: [libjvm.so+0x7c3390], sa_mask[0]=0x7ffbfeff, sa_flags=0x10000004
SIGPIPE: [libjvm.so+0x7c3390], sa_mask[0]=0x7ffbfeff, sa_flags=0x10000004
SIGXFSZ: [libjvm.so+0x7c3390], sa_mask[0]=0x7ffbfeff, sa_flags=0x10000004
SIGILL: [libjvm.so+0x7c3390], sa_mask[0]=0x7ffbfeff, sa_flags=0x10000004
SIGUSR1: SIG_DFL, sa_mask[0]=0x00000000, sa_flags=0x00000000
SIGUSR2: [libjvm.so+0x7c3230], sa_mask[0]=0x00000004, sa_flags=0x10000004
SIGHUP: SIG_DFL, sa_mask[0]=0x00000000, sa_flags=0x00000000
SIGINT: SIG_DFL, sa_mask[0]=0x00000000, sa_flags=0x00000000
SIGTERM: SIG_DFL, sa_mask[0]=0x00000000, sa_flags=0x00000000
SIGQUIT: SIG_DFL, sa_mask[0]=0x00000000, sa_flags=0x00000000
SIGTRAP: SIG_DFL, sa_mask[0]=0x00000000, sa_flags=0x00000000


---------------  S Y S T E M  ---------------

OS:Ubuntu 14.04 (trusty)
uname:Linux 3.16.0-30-generic #40~14.04.1-Ubuntu SMP Thu Jan 15 17:43:14 UTC 2015 x86_64
libc:glibc 2.19 NPTL 2.19 
rlimit: STACK 8192k, CORE 0k, NPROC 5907, NOFILE 4096, AS infinity
load average:0.59 0.90 1.48

/proc/meminfo:
MemTotal:        1533672 kB
MemFree:           67448 kB
MemAvailable:      37136 kB
Buffers:            1256 kB
Cached:            59868 kB
SwapCached:         1340 kB
Active:          1094584 kB
Inactive:         270696 kB
Active(anon):    1077080 kB
Inactive(anon):   254504 kB
Active(file):      17504 kB
Inactive(file):    16192 kB
Unevictable:           0 kB
Mlocked:               0 kB
SwapTotal:       1046524 kB
SwapFree:              0 kB
Dirty:               316 kB
Writeback:             0 kB
AnonPages:       1303068 kB
Mapped:            37076 kB
Shmem:             27196 kB
Slab:              38604 kB
SReclaimable:      18300 kB
SUnreclaim:        20304 kB
KernelStack:        8096 kB
PageTables:        32400 kB
NFS_Unstable:          0 kB
Bounce:                0 kB
WritebackTmp:          0 kB
CommitLimit:     1813360 kB
Committed_AS:    5905592 kB
VmallocTotal:   34359738367 kB
VmallocUsed:       28984 kB
VmallocChunk:   34359704648 kB
HardwareCorrupted:     0 kB
AnonHugePages:    514048 kB
HugePages_Total:       0
HugePages_Free:        0
HugePages_Rsvd:        0
HugePages_Surp:        0
Hugepagesize:       2048 kB
DirectMap4k:       47040 kB
DirectMap2M:     1525760 kB


CPU:total 1 (1 cores per cpu, 1 threads per core) family 6 model 42 stepping 7, cmov, cx8, fxsr, mmx, sse, sse2, sse3, ssse3, tsc

/proc/cpuinfo:
processor	: 0
vendor_id	: GenuineIntel
cpu family	: 6
model		: 42
model name	: Intel(R) Core(TM) i5-2410M CPU @ 2.30GHz
stepping	: 7
cpu MHz		: 2293.827
cache size	: 6144 KB
physical id	: 0
siblings	: 1
core id		: 0
cpu cores	: 1
apicid		: 0
initial apicid	: 0
fpu		: yes
fpu_exception	: yes
cpuid level	: 5
wp		: yes
flags		: fpu vme de pse tsc msr pae mce cx8 apic sep mtrr pge mca cmov pat pse36 clflush mmx fxsr sse sse2 syscall nx rdtscp lm constant_tsc rep_good nopl pni monitor ssse3 lahf_lm
bogomips	: 4587.65
clflush size	: 64
cache_alignment	: 64
address sizes	: 36 bits physical, 48 bits virtual
power management:



Memory: 4k page, physical 1533672k(67448k free), swap 1046524k(0k free)

vm_info: OpenJDK 64-Bit Server VM (24.75-b04) for linux-amd64 JRE (1.7.0_75-b13), built on Jan 27 2015 00:38:59 by "buildd" with gcc 4.8.2

time: Sun Apr 12 21:59:30 2015
elapsed time: 0 seconds

