#
# There is insufficient memory for the Java Runtime Environment to continue.
# Native memory allocation (malloc) failed to allocate 536870912 bytes for committing reserved memory.
# Possible reasons:
#   The system is out of physical RAM or swap space
#   In 32 bit mode, the process size limit was hit
# Possible solutions:
#   Reduce memory load on the system
#   Increase physical memory or swap space
#   Check if swap backing store is full
#   Use 64 bit Java on a 64 bit OS
#   Decrease Java heap size (-Xmx/-Xms)
#   Decrease number of Java threads
#   Decrease Java thread stack sizes (-Xss)
#   Set larger code cache with -XX:ReservedCodeCacheSize=
# This output file may be truncated or incomplete.
#
#  Out of Memory Error (os_linux.cpp:2798), pid=15686, tid=140366005516032
#
# JRE version:  (7.0_75-b13) (build )
# Java VM: OpenJDK 64-Bit Server VM (24.75-b04 mixed mode linux-amd64 compressed oops)
# Derivative: IcedTea 2.5.4
# Distribution: Ubuntu 14.04 LTS, package 7u75-2.5.4-1~trusty1
# Failed to write core dump. Core dumps have been disabled. To enable core dumping, try "ulimit -c unlimited" before starting Java again
#

---------------  T H R E A D  ---------------

Current thread (0x00007fa97800a800):  JavaThread "Unknown thread" [_thread_in_vm, id=15688, stack(0x00007fa981d5b000,0x00007fa981e5c000)]

Stack: [0x00007fa981d5b000,0x00007fa981e5c000],  sp=0x00007fa981e5a390,  free space=1020k
Native frames: (J=compiled Java code, j=interpreted, Vv=VM code, C=native code)
V  [libjvm.so+0x94a9d5]  VMError::report_and_die()+0x175
V  [libjvm.so+0x48b954]  report_vm_out_of_memory(char const*, int, unsigned long, char const*)+0x74
V  [libjvm.so+0x7c7b7b]  os::pd_commit_memory(char*, unsigned long, unsigned long, bool)+0xeb
V  [libjvm.so+0x7c263f]  os::commit_memory(char*, unsigned long, unsigned long, bool)+0x1f
V  [libjvm.so+0x9478c4]  VirtualSpace::expand_by(unsigned long, bool)+0x1c4
V  [libjvm.so+0x56241b]  CardGeneration::CardGeneration(ReservedSpace, unsigned long, int, GenRemSet*)+0x11b
V  [libjvm.so+0x8f6433]  TenuredGeneration::TenuredGeneration(ReservedSpace, unsigned long, int, GenRemSet*)+0x83
V  [libjvm.so+0x562f19]  GenerationSpec::init(ReservedSpace, int, GenRemSet*)+0x139
V  [libjvm.so+0x555122]  GenCollectedHeap::initialize()+0x312
V  [libjvm.so+0x91b447]  Universe::initialize_heap()+0xc7
V  [libjvm.so+0x91b777]  universe_init()+0x67
V  [libjvm.so+0x59d1d5]  init_globals()+0x55
V  [libjvm.so+0x8fe15f]  Threads::create_vm(JavaVMInitArgs*, bool*)+0x35f
V  [libjvm.so+0x608554]  JNI_CreateJavaVM+0x54
C  [libjli.so+0x2b48]


---------------  P R O C E S S  ---------------

Java Threads: ( => current thread )

Other Threads:

=>0x00007fa97800a800 (exited) JavaThread "Unknown thread" [_thread_in_vm, id=15688, stack(0x00007fa981d5b000,0x00007fa981e5c000)]

VM state:not at safepoint (not fully initialized)

VM Mutex/Monitor currently owned by a thread: None

GC Heap History (0 events):
No events

Deoptimization events (0 events):
No events

Internal exceptions (0 events):
No events

Events (0 events):
No events


Dynamic libraries:
00400000-00401000 r-xp 00000000 08:01 677047                             /usr/lib/jvm/java-7-openjdk-amd64/jre/bin/java
00600000-00601000 r--p 00000000 08:01 677047                             /usr/lib/jvm/java-7-openjdk-amd64/jre/bin/java
00601000-00602000 rw-p 00001000 08:01 677047                             /usr/lib/jvm/java-7-openjdk-amd64/jre/bin/java
009af000-009d0000 rw-p 00000000 00:00 0                                  [heap]
c0000000-d0000000 rw-p 00000000 00:00 0 
f0000000-100000000 rw-p 00000000 00:00 0 
7fa975000000-7fa975270000 rwxp 00000000 00:00 0 
7fa975270000-7fa978025000 rw-p 00000000 00:00 0 
7fa978025000-7fa97c000000 ---p 00000000 00:00 0 
7fa97e55d000-7fa97e817000 rw-p 00000000 00:00 0 
7fa97e817000-7fa97e997000 rw-p 00000000 00:00 0 
7fa97e997000-7fa97e998000 rw-p 00000000 00:00 0 
7fa97e998000-7fa97e9a0000 r-xp 00000000 08:01 677043                     /usr/lib/jvm/java-7-openjdk-amd64/jre/lib/amd64/libzip.so
7fa97e9a0000-7fa97eb9f000 ---p 00008000 08:01 677043                     /usr/lib/jvm/java-7-openjdk-amd64/jre/lib/amd64/libzip.so
7fa97eb9f000-7fa97eba0000 r--p 00007000 08:01 677043                     /usr/lib/jvm/java-7-openjdk-amd64/jre/lib/amd64/libzip.so
7fa97eba0000-7fa97eba1000 rw-p 00008000 08:01 677043                     /usr/lib/jvm/java-7-openjdk-amd64/jre/lib/amd64/libzip.so
7fa97eba1000-7fa97ebac000 r-xp 00000000 08:01 529056                     /lib/x86_64-linux-gnu/libnss_files-2.19.so
7fa97ebac000-7fa97edab000 ---p 0000b000 08:01 529056                     /lib/x86_64-linux-gnu/libnss_files-2.19.so
7fa97edab000-7fa97edac000 r--p 0000a000 08:01 529056                     /lib/x86_64-linux-gnu/libnss_files-2.19.so
7fa97edac000-7fa97edad000 rw-p 0000b000 08:01 529056                     /lib/x86_64-linux-gnu/libnss_files-2.19.so
7fa97edad000-7fa97edb8000 r-xp 00000000 08:01 529066                     /lib/x86_64-linux-gnu/libnss_nis-2.19.so
7fa97edb8000-7fa97efb7000 ---p 0000b000 08:01 529066                     /lib/x86_64-linux-gnu/libnss_nis-2.19.so
7fa97efb7000-7fa97efb8000 r--p 0000a000 08:01 529066                     /lib/x86_64-linux-gnu/libnss_nis-2.19.so
7fa97efb8000-7fa97efb9000 rw-p 0000b000 08:01 529066                     /lib/x86_64-linux-gnu/libnss_nis-2.19.so
7fa97efb9000-7fa97efd0000 r-xp 00000000 08:01 529050                     /lib/x86_64-linux-gnu/libnsl-2.19.so
7fa97efd0000-7fa97f1cf000 ---p 00017000 08:01 529050                     /lib/x86_64-linux-gnu/libnsl-2.19.so
7fa97f1cf000-7fa97f1d0000 r--p 00016000 08:01 529050                     /lib/x86_64-linux-gnu/libnsl-2.19.so
7fa97f1d0000-7fa97f1d1000 rw-p 00017000 08:01 529050                     /lib/x86_64-linux-gnu/libnsl-2.19.so
7fa97f1d1000-7fa97f1d3000 rw-p 00000000 00:00 0 
7fa97f1d3000-7fa97f1dc000 r-xp 00000000 08:01 529052                     /lib/x86_64-linux-gnu/libnss_compat-2.19.so
7fa97f1dc000-7fa97f3db000 ---p 00009000 08:01 529052                     /lib/x86_64-linux-gnu/libnss_compat-2.19.so
7fa97f3db000-7fa97f3dc000 r--p 00008000 08:01 529052                     /lib/x86_64-linux-gnu/libnss_compat-2.19.so
7fa97f3dc000-7fa97f3dd000 rw-p 00009000 08:01 529052                     /lib/x86_64-linux-gnu/libnss_compat-2.19.so
7fa97f3dd000-7fa97f408000 r-xp 00000000 08:01 677027                     /usr/lib/jvm/java-7-openjdk-amd64/jre/lib/amd64/libjava.so
7fa97f408000-7fa97f608000 ---p 0002b000 08:01 677027                     /usr/lib/jvm/java-7-openjdk-amd64/jre/lib/amd64/libjava.so
7fa97f608000-7fa97f609000 r--p 0002b000 08:01 677027                     /usr/lib/jvm/java-7-openjdk-amd64/jre/lib/amd64/libjava.so
7fa97f609000-7fa97f60b000 rw-p 0002c000 08:01 677027                     /usr/lib/jvm/java-7-openjdk-amd64/jre/lib/amd64/libjava.so
7fa97f60b000-7fa97f61b000 r-xp 00000000 08:01 677026                     /usr/lib/jvm/java-7-openjdk-amd64/jre/lib/amd64/libverify.so
7fa97f61b000-7fa97f81a000 ---p 00010000 08:01 677026                     /usr/lib/jvm/java-7-openjdk-amd64/jre/lib/amd64/libverify.so
7fa97f81a000-7fa97f81c000 r--p 0000f000 08:01 677026                     /usr/lib/jvm/java-7-openjdk-amd64/jre/lib/amd64/libverify.so
7fa97f81c000-7fa97f81d000 rw-p 00011000 08:01 677026                     /usr/lib/jvm/java-7-openjdk-amd64/jre/lib/amd64/libverify.so
7fa97f81d000-7fa97f824000 r-xp 00000000 08:01 529109                     /lib/x86_64-linux-gnu/librt-2.19.so
7fa97f824000-7fa97fa23000 ---p 00007000 08:01 529109                     /lib/x86_64-linux-gnu/librt-2.19.so
7fa97fa23000-7fa97fa24000 r--p 00006000 08:01 529109                     /lib/x86_64-linux-gnu/librt-2.19.so
7fa97fa24000-7fa97fa25000 rw-p 00007000 08:01 529109                     /lib/x86_64-linux-gnu/librt-2.19.so
7fa97fa25000-7fa97fa3b000 r-xp 00000000 08:01 529008                     /lib/x86_64-linux-gnu/libgcc_s.so.1
7fa97fa3b000-7fa97fc3a000 ---p 00016000 08:01 529008                     /lib/x86_64-linux-gnu/libgcc_s.so.1
7fa97fc3a000-7fa97fc3b000 rw-p 00015000 08:01 529008                     /lib/x86_64-linux-gnu/libgcc_s.so.1
7fa97fc3b000-7fa97fd40000 r-xp 00000000 08:01 529031                     /lib/x86_64-linux-gnu/libm-2.19.so
7fa97fd40000-7fa97ff3f000 ---p 00105000 08:01 529031                     /lib/x86_64-linux-gnu/libm-2.19.so
7fa97ff3f000-7fa97ff40000 r--p 00104000 08:01 529031                     /lib/x86_64-linux-gnu/libm-2.19.so
7fa97ff40000-7fa97ff41000 rw-p 00105000 08:01 529031                     /lib/x86_64-linux-gnu/libm-2.19.so
7fa97ff41000-7fa980027000 r-xp 00000000 08:01 665313                     /usr/lib/x86_64-linux-gnu/libstdc++.so.6.0.19
7fa980027000-7fa980226000 ---p 000e6000 08:01 665313                     /usr/lib/x86_64-linux-gnu/libstdc++.so.6.0.19
7fa980226000-7fa98022e000 r--p 000e5000 08:01 665313                     /usr/lib/x86_64-linux-gnu/libstdc++.so.6.0.19
7fa98022e000-7fa980230000 rw-p 000ed000 08:01 665313                     /usr/lib/x86_64-linux-gnu/libstdc++.so.6.0.19
7fa980230000-7fa980245000 rw-p 00000000 00:00 0 
7fa980245000-7fa980d5d000 r-xp 00000000 08:01 677032                     /usr/lib/jvm/java-7-openjdk-amd64/jre/lib/amd64/server/libjvm.so
7fa980d5d000-7fa980f5d000 ---p 00b18000 08:01 677032                     /usr/lib/jvm/java-7-openjdk-amd64/jre/lib/amd64/server/libjvm.so
7fa980f5d000-7fa980ff7000 r--p 00b18000 08:01 677032                     /usr/lib/jvm/java-7-openjdk-amd64/jre/lib/amd64/server/libjvm.so
7fa980ff7000-7fa98101a000 rw-p 00bb2000 08:01 677032                     /usr/lib/jvm/java-7-openjdk-amd64/jre/lib/amd64/server/libjvm.so
7fa98101a000-7fa981048000 rw-p 00000000 00:00 0 
7fa981048000-7fa981060000 r-xp 00000000 08:01 529144                     /lib/x86_64-linux-gnu/libz.so.1.2.8
7fa981060000-7fa98125f000 ---p 00018000 08:01 529144                     /lib/x86_64-linux-gnu/libz.so.1.2.8
7fa98125f000-7fa981260000 r--p 00017000 08:01 529144                     /lib/x86_64-linux-gnu/libz.so.1.2.8
7fa981260000-7fa981261000 rw-p 00018000 08:01 529144                     /lib/x86_64-linux-gnu/libz.so.1.2.8
7fa981261000-7fa98127a000 r-xp 00000000 08:01 529101                     /lib/x86_64-linux-gnu/libpthread-2.19.so
7fa98127a000-7fa981479000 ---p 00019000 08:01 529101                     /lib/x86_64-linux-gnu/libpthread-2.19.so
7fa981479000-7fa98147a000 r--p 00018000 08:01 529101                     /lib/x86_64-linux-gnu/libpthread-2.19.so
7fa98147a000-7fa98147b000 rw-p 00019000 08:01 529101                     /lib/x86_64-linux-gnu/libpthread-2.19.so
7fa98147b000-7fa98147f000 rw-p 00000000 00:00 0 
7fa98147f000-7fa981482000 r-xp 00000000 08:01 528998                     /lib/x86_64-linux-gnu/libdl-2.19.so
7fa981482000-7fa981681000 ---p 00003000 08:01 528998                     /lib/x86_64-linux-gnu/libdl-2.19.so
7fa981681000-7fa981682000 r--p 00002000 08:01 528998                     /lib/x86_64-linux-gnu/libdl-2.19.so
7fa981682000-7fa981683000 rw-p 00003000 08:01 528998                     /lib/x86_64-linux-gnu/libdl-2.19.so
7fa981683000-7fa98183e000 r-xp 00000000 08:01 528981                     /lib/x86_64-linux-gnu/libc-2.19.so
7fa98183e000-7fa981a3e000 ---p 001bb000 08:01 528981                     /lib/x86_64-linux-gnu/libc-2.19.so
7fa981a3e000-7fa981a42000 r--p 001bb000 08:01 528981                     /lib/x86_64-linux-gnu/libc-2.19.so
7fa981a42000-7fa981a44000 rw-p 001bf000 08:01 528981                     /lib/x86_64-linux-gnu/libc-2.19.so
7fa981a44000-7fa981a49000 rw-p 00000000 00:00 0 
7fa981a49000-7fa981a56000 r-xp 00000000 08:01 677009                     /usr/lib/jvm/java-7-openjdk-amd64/jre/lib/amd64/jli/libjli.so
7fa981a56000-7fa981c55000 ---p 0000d000 08:01 677009                     /usr/lib/jvm/java-7-openjdk-amd64/jre/lib/amd64/jli/libjli.so
7fa981c55000-7fa981c56000 r--p 0000c000 08:01 677009                     /usr/lib/jvm/java-7-openjdk-amd64/jre/lib/amd64/jli/libjli.so
7fa981c56000-7fa981c57000 rw-p 0000d000 08:01 677009                     /usr/lib/jvm/java-7-openjdk-amd64/jre/lib/amd64/jli/libjli.so
7fa981c57000-7fa981c7a000 r-xp 00000000 08:01 528957                     /lib/x86_64-linux-gnu/ld-2.19.so
7fa981c9b000-7fa981ca5000 rw-p 00000000 00:00 0 
7fa981ca5000-7fa981d5b000 rw-p 00000000 00:00 0 
7fa981d5b000-7fa981d5e000 ---p 00000000 00:00 0 
7fa981d5e000-7fa981e61000 rw-p 00000000 00:00 0                          [stack:15688]
7fa981e6b000-7fa981e6d000 rw-p 00000000 00:00 0 
7fa981e6d000-7fa981e75000 rw-s 00000000 08:01 681112                     /tmp/hsperfdata_metabrain/15686
7fa981e75000-7fa981e76000 rw-p 00000000 00:00 0 
7fa981e76000-7fa981e77000 r--p 00000000 00:00 0 
7fa981e77000-7fa981e79000 rw-p 00000000 00:00 0 
7fa981e79000-7fa981e7a000 r--p 00022000 08:01 528957                     /lib/x86_64-linux-gnu/ld-2.19.so
7fa981e7a000-7fa981e7b000 rw-p 00023000 08:01 528957                     /lib/x86_64-linux-gnu/ld-2.19.so
7fa981e7b000-7fa981e7c000 rw-p 00000000 00:00 0 
7fff1a68a000-7fff1a6ac000 rw-p 00000000 00:00 0                          [stack]
7fff1a727000-7fff1a729000 r-xp 00000000 00:00 0                          [vdso]
7fff1a729000-7fff1a72b000 r--p 00000000 00:00 0                          [vvar]
ffffffffff600000-ffffffffff601000 r-xp 00000000 00:00 0                  [vsyscall]

VM Arguments:
jvm_args: -Dgrails.home=/home/metabrain/.gvm/grails/2.4.5 -Dbase.dir=/home/metabrain/IdeaProjects/parreira -Dtools.jar=/usr/lib/jvm/java-7-openjdk-amd64/lib/tools.jar -Dgroovy.starter.conf=/home/metabrain/.gvm/grails/2.4.5/conf/groovy-starter.conf -Xmx768M -Xms768M -XX:MaxPermSize=256m -XX:PermSize=256m -Dfile.encoding=UTF-8 
java_command: org.codehaus.groovy.grails.cli.support.GrailsStarter --main org.codehaus.groovy.grails.cli.GrailsScriptRunner --conf /home/metabrain/.gvm/grails/2.4.5/conf/groovy-starter.conf generate-views parreira.Person -plain-output
Launcher Type: SUN_STANDARD

Environment Variables:
JAVA_HOME=/usr/lib/jvm/java-7-openjdk-amd64
PATH=/home/metabrain/.gvm/vertx/current/bin:/home/metabrain/.gvm/springboot/current/bin:/home/metabrain/.gvm/lazybones/current/bin:/home/metabrain/.gvm/jbake/current/bin:/home/metabrain/.gvm/groovyserv/current/bin:/home/metabrain/.gvm/groovy/current/bin:/home/metabrain/.gvm/griffon/current/bin:/home/metabrain/.gvm/grails/current/bin:/home/metabrain/.gvm/gradle/current/bin:/home/metabrain/.gvm/glide/current/bin:/home/metabrain/.gvm/gaiden/current/bin:/home/metabrain/.gvm/crash/current/bin:/home/metabrain/.gvm/asciidoctorj/current/bin:/usr/local/sbin:/usr/local/bin:/usr/sbin:/usr/bin:/sbin:/bin:/usr/games:/usr/local/games
LD_LIBRARY_PATH=.:
SHELL=/bin/bash
DISPLAY=:0

Signal Handlers:
SIGSEGV: [libjvm.so+0x94b4b0], sa_mask[0]=0x7ffbfeff, sa_flags=0x10000004
SIGBUS: [libjvm.so+0x94b4b0], sa_mask[0]=0x7ffbfeff, sa_flags=0x10000004
SIGFPE: [libjvm.so+0x7c3390], sa_mask[0]=0x7ffbfeff, sa_flags=0x10000004
SIGPIPE: [libjvm.so+0x7c3390], sa_mask[0]=0x7ffbfeff, sa_flags=0x10000004
SIGXFSZ: [libjvm.so+0x7c3390], sa_mask[0]=0x7ffbfeff, sa_flags=0x10000004
SIGILL: [libjvm.so+0x7c3390], sa_mask[0]=0x7ffbfeff, sa_flags=0x10000004
SIGUSR1: SIG_DFL, sa_mask[0]=0x00000000, sa_flags=0x00000000
SIGUSR2: [libjvm.so+0x7c3230], sa_mask[0]=0x00000004, sa_flags=0x10000004
SIGHUP: SIG_DFL, sa_mask[0]=0x00000000, sa_flags=0x00000000
SIGINT: SIG_DFL, sa_mask[0]=0x00000000, sa_flags=0x00000000
SIGTERM: SIG_DFL, sa_mask[0]=0x00000000, sa_flags=0x00000000
SIGQUIT: SIG_DFL, sa_mask[0]=0x00000000, sa_flags=0x00000000
SIGTRAP: SIG_DFL, sa_mask[0]=0x00000000, sa_flags=0x00000000


---------------  S Y S T E M  ---------------

OS:Ubuntu 14.04 (trusty)
uname:Linux 3.16.0-30-generic #40~14.04.1-Ubuntu SMP Thu Jan 15 17:43:14 UTC 2015 x86_64
libc:glibc 2.19 NPTL 2.19 
rlimit: STACK 8192k, CORE 0k, NPROC 3891, NOFILE 4096, AS infinity
load average:3.67 2.54 1.98

/proc/meminfo:
MemTotal:        1017576 kB
MemFree:           65096 kB
MemAvailable:      50624 kB
Buffers:            1688 kB
Cached:            67532 kB
SwapCached:        15624 kB
Active:           433516 kB
Inactive:         420412 kB
Active(anon):     402464 kB
Inactive(anon):   389000 kB
Active(file):      31052 kB
Inactive(file):    31412 kB
Unevictable:          16 kB
Mlocked:              16 kB
SwapTotal:       1046524 kB
SwapFree:         369132 kB
Dirty:                88 kB
Writeback:             0 kB
AnonPages:        769148 kB
Mapped:            51788 kB
Shmem:              6736 kB
Slab:              41652 kB
SReclaimable:      21216 kB
SUnreclaim:        20436 kB
KernelStack:        6848 kB
PageTables:        29796 kB
NFS_Unstable:          0 kB
Bounce:                0 kB
WritebackTmp:          0 kB
CommitLimit:     1555312 kB
Committed_AS:    4190132 kB
VmallocTotal:   34359738367 kB
VmallocUsed:       26424 kB
VmallocChunk:   34359674248 kB
HardwareCorrupted:     0 kB
AnonHugePages:    335872 kB
HugePages_Total:       0
HugePages_Free:        0
HugePages_Rsvd:        0
HugePages_Surp:        0
Hugepagesize:       2048 kB
DirectMap4k:       36800 kB
DirectMap2M:     1011712 kB


CPU:total 1 (1 cores per cpu, 1 threads per core) family 6 model 42 stepping 7, cmov, cx8, fxsr, mmx, sse, sse2, sse3, ssse3, tsc

/proc/cpuinfo:
processor	: 0
vendor_id	: GenuineIntel
cpu family	: 6
model		: 42
model name	: Intel(R) Core(TM) i5-2410M CPU @ 2.30GHz
stepping	: 7
cpu MHz		: 2300.883
cache size	: 6144 KB
physical id	: 0
siblings	: 1
core id		: 0
cpu cores	: 1
apicid		: 0
initial apicid	: 0
fpu		: yes
fpu_exception	: yes
cpuid level	: 5
wp		: yes
flags		: fpu vme de pse tsc msr pae mce cx8 apic sep mtrr pge mca cmov pat pse36 clflush mmx fxsr sse sse2 syscall nx rdtscp lm constant_tsc rep_good nopl pni monitor ssse3 lahf_lm
bogomips	: 4601.76
clflush size	: 64
cache_alignment	: 64
address sizes	: 36 bits physical, 48 bits virtual
power management:



Memory: 4k page, physical 1017576k(64972k free), swap 1046524k(369136k free)

vm_info: OpenJDK 64-Bit Server VM (24.75-b04) for linux-amd64 JRE (1.7.0_75-b13), built on Jan 27 2015 00:38:59 by "buildd" with gcc 4.8.2

time: Sat Apr 11 15:03:13 2015
elapsed time: 0 seconds

